# JRE version: OpenJDK Runtime Environment (21.0.6) (build 21.0.6+-13391695-b895.109)
# Java VM: OpenJDK 64-Bit Server VM (21.0.6+-13391695-b895.109, mixed mode, tiered, compressed oops, compressed class ptrs, g1 gc, windows-amd64)
GC Precious Log:
 CardTable entry size: 512
 Card Set container configuration: InlinePtr #cards 5 size 8 Array Of Cards #cards 12 size 40 Howl #buckets 4 coarsen threshold 1843 Howl Bitmap #cards 512 size 80 coarsen threshold 460 Card regions per heap region 1 cards per card region 2048
 CPUs: 12 total, 12 available
 Memory: 7876M
 Large Page Support: Disabled
 NUMA Support: Disabled
 Compressed Oops: Enabled (32-bit)
 Heap Region Size: 1M
 Heap Min Capacity: 8M
 Heap Initial Capacity: 124M
 Heap Max Capacity: 2G
 Pre-touch: Disabled
 Parallel Workers: 10
 Concurrent Workers: 3
 Concurrent Refinement Workers: 10
 Periodic GC: Disabled
Heap:
 garbage-first heap   total 487424K, used 347826K [0x0000000080000000, 0x0000000100000000)
  region size 1024K, 26 young (26624K), 14 survivors (14336K)
 Metaspace       used 189674K, committed 192640K, reserved 1245184K
  class space    used 25406K, committed 26880K, reserved 1048576K
GC Heap History (20 events):
Event: 206.772 GC heap before
{Heap before GC invocations=65 (full 0):
 garbage-first heap   total 450560K, used 355124K [0x0000000080000000, 0x0000000100000000)
  region size 1024K, 69 young (70656K), 12 survivors (12288K)
 Metaspace       used 152856K, committed 155520K, reserved 1245184K
  class space    used 20320K, committed 21632K, reserved 1048576K
}
Event: 206.789 GC heap after
{Heap after GC invocations=66 (full 0):
 garbage-first heap   total 450560K, used 270721K [0x0000000080000000, 0x0000000100000000)
  region size 1024K, 6 young (6144K), 6 survivors (6144K)
 Metaspace       used 152856K, committed 155520K, reserved 1245184K
  class space    used 20320K, committed 21632K, reserved 1048576K
}
Event: 208.374 GC heap before
{Heap before GC invocations=66 (full 0):
 garbage-first heap   total 450560K, used 379265K [0x0000000080000000, 0x0000000100000000)
  region size 1024K, 113 young (115712K), 6 survivors (6144K)
 Metaspace       used 155854K, committed 158592K, reserved 1245184K
  class space    used 20604K, committed 22016K, reserved 1048576K
}
Event: 208.396 GC heap after
{Heap after GC invocations=67 (full 0):
 garbage-first heap   total 450560K, used 271141K [0x0000000080000000, 0x0000000100000000)
  region size 1024K, 15 young (15360K), 15 survivors (15360K)
 Metaspace       used 155854K, committed 158592K, reserved 1245184K
  class space    used 20604K, committed 22016K, reserved 1048576K
}
Event: 209.117 GC heap before
{Heap before GC invocations=67 (full 0):
 garbage-first heap   total 450560K, used 391973K [0x0000000080000000, 0x0000000100000000)
  region size 1024K, 134 young (137216K), 15 survivors (15360K)
 Metaspace       used 157454K, committed 160192K, reserved 1245184K
  class space    used 20748K, committed 22144K, reserved 1048576K
}
Event: 209.135 GC heap after
{Heap after GC invocations=68 (full 0):
 garbage-first heap   total 450560K, used 276969K [0x0000000080000000, 0x0000000100000000)
  region size 1024K, 8 young (8192K), 8 survivors (8192K)
 Metaspace       used 157454K, committed 160192K, reserved 1245184K
  class space    used 20748K, committed 22144K, reserved 1048576K
}
Event: 218.744 GC heap before
{Heap before GC invocations=69 (full 0):
 garbage-first heap   total 462848K, used 401897K [0x0000000080000000, 0x0000000100000000)
  region size 1024K, 131 young (134144K), 8 survivors (8192K)
 Metaspace       used 159381K, committed 162112K, reserved 1245184K
  class space    used 20963K, committed 22336K, reserved 1048576K
}
Event: 218.759 GC heap after
{Heap after GC invocations=70 (full 0):
 garbage-first heap   total 462848K, used 284131K [0x0000000080000000, 0x0000000100000000)
  region size 1024K, 15 young (15360K), 15 survivors (15360K)
 Metaspace       used 159381K, committed 162112K, reserved 1245184K
  class space    used 20963K, committed 22336K, reserved 1048576K
}
Event: 221.406 GC heap before
{Heap before GC invocations=70 (full 0):
 garbage-first heap   total 462848K, used 420323K [0x0000000080000000, 0x0000000100000000)
  region size 1024K, 147 young (150528K), 15 survivors (15360K)
 Metaspace       used 163122K, committed 165888K, reserved 1245184K
  class space    used 21256K, committed 22656K, reserved 1048576K
}
Event: 221.433 GC heap after
{Heap after GC invocations=71 (full 0):
 garbage-first heap   total 462848K, used 270295K [0x0000000080000000, 0x0000000100000000)
  region size 1024K, 6 young (6144K), 6 survivors (6144K)
 Metaspace       used 163122K, committed 165888K, reserved 1245184K
  class space    used 21256K, committed 22656K, reserved 1048576K
}
Event: 226.739 GC heap before
{Heap before GC invocations=71 (full 0):
 garbage-first heap   total 462848K, used 380887K [0x0000000080000000, 0x0000000100000000)
  region size 1024K, 116 young (118784K), 6 survivors (6144K)
 Metaspace       used 166363K, committed 169152K, reserved 1245184K
  class space    used 21715K, committed 23104K, reserved 1048576K
}
Event: 226.762 GC heap after
{Heap after GC invocations=72 (full 0):
 garbage-first heap   total 462848K, used 281999K [0x0000000080000000, 0x0000000100000000)
  region size 1024K, 18 young (18432K), 18 survivors (18432K)
 Metaspace       used 166363K, committed 169152K, reserved 1245184K
  class space    used 21715K, committed 23104K, reserved 1048576K
}
Event: 229.162 GC heap before
{Heap before GC invocations=73 (full 0):
 garbage-first heap   total 464896K, used 414095K [0x0000000080000000, 0x0000000100000000)
  region size 1024K, 152 young (155648K), 18 survivors (18432K)
 Metaspace       used 180860K, committed 183744K, reserved 1245184K
  class space    used 24041K, committed 25536K, reserved 1048576K
}
Event: 229.189 GC heap after
{Heap after GC invocations=74 (full 0):
 garbage-first heap   total 464896K, used 287515K [0x0000000080000000, 0x0000000100000000)
  region size 1024K, 12 young (12288K), 12 survivors (12288K)
 Metaspace       used 180860K, committed 183744K, reserved 1245184K
  class space    used 24041K, committed 25536K, reserved 1048576K
}
Event: 230.580 GC heap before
{Heap before GC invocations=74 (full 0):
 garbage-first heap   total 466944K, used 465691K [0x0000000080000000, 0x0000000100000000)
  region size 1024K, 145 young (148480K), 12 survivors (12288K)
 Metaspace       used 188801K, committed 191680K, reserved 1245184K
  class space    used 25353K, committed 26816K, reserved 1048576K
}
Event: 230.595 GC heap after
{Heap after GC invocations=75 (full 0):
 garbage-first heap   total 480256K, used 257393K [0x0000000080000000, 0x0000000100000000)
  region size 1024K, 3 young (3072K), 3 survivors (3072K)
 Metaspace       used 188801K, committed 191680K, reserved 1245184K
  class space    used 25353K, committed 26816K, reserved 1048576K
}
Event: 347.975 GC heap before
{Heap before GC invocations=75 (full 0):
 garbage-first heap   total 480256K, used 442737K [0x0000000080000000, 0x0000000100000000)
  region size 1024K, 182 young (186368K), 3 survivors (3072K)
 Metaspace       used 189669K, committed 192576K, reserved 1245184K
  class space    used 25421K, committed 26880K, reserved 1048576K
}
Event: 348.399 GC heap after
{Heap after GC invocations=76 (full 0):
 garbage-first heap   total 487424K, used 294912K [0x0000000080000000, 0x0000000100000000)
  region size 1024K, 23 young (23552K), 23 survivors (23552K)
 Metaspace       used 189669K, committed 192576K, reserved 1245184K
  class space    used 25421K, committed 26880K, reserved 1048576K
}
Event: 349.298 GC heap before
{Heap before GC invocations=76 (full 0):
 garbage-first heap   total 487424K, used 311296K [0x0000000080000000, 0x0000000100000000)
  region size 1024K, 41 young (41984K), 23 survivors (23552K)
 Metaspace       used 189686K, committed 192576K, reserved 1245184K
  class space    used 25421K, committed 26880K, reserved 1048576K
}
Event: 349.371 GC heap after
{Heap after GC invocations=77 (full 0):
 garbage-first heap   total 487424K, used 309938K [0x0000000080000000, 0x0000000100000000)
  region size 1024K, 14 young (14336K), 14 survivors (14336K)
 Metaspace       used 189686K, committed 192576K, reserved 1245184K
  class space    used 25421K, committed 26880K, reserved 1048576K
}

